                                                                     
 0.0000000000000         0.0000000000000
0.00025000000000 	1.03637667944649 
0.00050000000000 	0.02144004345881 
0.00075000000000 	-1.31567772137429 
0.00100000000000 	-0.59547041708041 
0.00125000000000 	0.31554782215939 
0.00150000000000 	0.82789333324888 
0.00175000000000 	0.04310829714306 
0.00200000000000 	1.22177834361928 
0.00225000000000 	2.14751890790365 
0.00250000000000 	1.23709507322103 
0.00275000000000 	0.44608578773459 
0.00300000000000 	0.08307398623328 
0.00325000000000 	0.36419566914883 
0.00350000000000 	0.67036160438445 
0.00375000000000 	0.27859900388691 
0.00400000000000 	0.82921571846735 
0.00425000000000 	0.77183164546325 
0.00450000000000 	0.28101889281112 
0.00475000000000 	1.60250501403399 
0.00500000000000 	1.80244477476497 
0.00525000000000 	2.14840444168758 
0.00550000000000 	0.73804901788365 
0.00575000000000 	1.30198785278426 
0.00600000000000 	0.69180329004629 
0.00625000000000 	0.09975478963119 
0.00650000000000 	-0.67946988483356 
0.00675000000000 	0.11416314156962 
0.00700000000000 	1.12098797124317 
0.00725000000000 	1.53010072125062 
0.00750000000000 	0.76809945295504 
0.00775000000000 	1.51978904825251 
0.00800000000000 	0.42885617964303 
0.00825000000000 	-0.18680838173662 
0.00850000000000 	0.10029269169306 
0.00875000000000 	0.55032791056497 
0.00900000000000 	-0.43161210447835 
0.00925000000000 	-0.06060069996438 
0.00950000000000 	0.37564734185665 
0.00975000000000 	1.41508830904825 
0.01000000000000 	2.33987550639513 
0.01025000000000 	2.01524281583936 
0.01050000000000 	1.79526298261717 
0.01075000000000 	2.42460065590680 
0.01100000000000 	1.51465535388387 
0.01125000000000 	0.96682654284324 
0.01150000000000 	-0.35091337779098 
0.01175000000000 	0.40294976995506 
0.01200000000000 	1.35610482850738 
0.01225000000000 	-0.16822100751537 
0.01250000000000 	0.63207110799159 
0.01275000000000 	0.93240158995078 
0.01300000000000 	-0.62926523205413 
0.01325000000000 	-1.31160396298373 
0.01350000000000 	-0.54522664439680 
0.01375000000000 	-1.47927693939587 
0.01400000000000 	-2.11084947848636 
0.01425000000000 	-1.26496930500684 
0.01450000000000 	-1.52941402044296 
0.01475000000000 	-1.12799893722692 
0.01500000000000 	-2.33901210315721 
0.01525000000000 	-2.14959868711716 
0.01550000000000 	-2.54751026518459 
0.01575000000000 	-0.74496961429389 
0.01600000000000 	-0.10865672738183 
0.01625000000000 	0.37733620464076 
0.01650000000000 	-0.92053023185576 
0.01675000000000 	-0.89244334926929 
0.01700000000000 	-0.86458493254921 
0.01725000000000 	0.35939218633679 
0.01750000000000 	1.10257014175830 
0.01775000000000 	1.18557335138731 
0.01800000000000 	0.41530558625447 
0.01825000000000 	2.04564864184265 
0.01850000000000 	1.19534841499564 
0.01875000000000 	0.44072286249618 
0.01900000000000 	0.04000214671284 
0.01925000000000 	0.06325918322779 
0.01950000000000 	1.29132513471052 
0.01975000000000 	1.54766124978041 
0.02000000000000 	0.44338182040335 
0.02025000000000 	0.11601364392720 
0.02050000000000 	0.73600486555432 
0.02075000000000 	1.12698875151590 
0.02100000000000 	-0.61683185211985 
0.02125000000000 	-0.01058705021347 
0.02150000000000 	0.41399232091921 
0.02175000000000 	-0.07849772502297 
0.02200000000000 	0.38190894192777 
0.02225000000000 	0.30960589348815 
0.02250000000000 	1.47357495454846 
0.02275000000000 	1.41042751454587 
0.02300000000000 	1.13416983651119 
0.02325000000000 	0.68117817586758 
0.02350000000000 	0.49614083827254 
0.02375000000000 	0.44982413793066 
0.02400000000000 	0.36898944495454 
0.02425000000000 	0.60618808714840 
0.02450000000000 	0.99773851465197 
0.02475000000000 	0.75865925661751 
0.02500000000000 	2.00203511559537 
0.02525000000000 	0.80887365130436 
0.02550000000000 	0.28471902767323 
0.02575000000000 	1.05509915731407 
0.02600000000000 	0.91035579128408 
0.02625000000000 	-0.19350386186010 
0.02650000000000 	-0.05025113802565 
0.02675000000000 	-0.01071438454233 
0.02700000000000 	-0.57296408959319 
0.02725000000000 	-1.05858424327182 
0.02750000000000 	-0.55438841219318 
0.02775000000000 	-0.11300884056039 
0.02800000000000 	-0.11304480077964 
0.02825000000000 	-0.41031986765670 
0.02850000000000 	-0.07608228701103 
0.02875000000000 	-0.44585913918736 
0.02900000000000 	-1.55749533978472 
0.02925000000000 	-1.09564003846443 
0.02950000000000 	-0.67742922331035 
0.02975000000000 	0.34257257712430 
0.03000000000000 	0.54439537767197 
0.03025000000000 	-0.00539174131591 
0.03050000000000 	-0.88971634252500 
0.03075000000000 	0.13021449546436 
0.03100000000000 	1.68631013957687 
0.03125000000000 	0.55874919607290 
0.03150000000000 	1.12488737105321 
0.03175000000000 	1.98513305331091 
0.03200000000000 	1.41440458028476 
0.03225000000000 	1.75979841432432 
0.03250000000000 	1.41100548178220 
0.03275000000000 	1.73951920919693 
0.03300000000000 	1.45360158050806 
0.03325000000000 	0.51712596491578 
0.03350000000000 	1.08971767684554 
0.03375000000000 	1.57042950611835 
0.03400000000000 	1.65752968902370 
0.03425000000000 	1.31395800794507 
0.03450000000000 	1.41461803757061 
0.03475000000000 	-0.42096906877066 
0.03500000000000 	-0.93182482582474 
0.03525000000000 	-0.05974850931288 
0.03550000000000 	0.20547099051605 
0.03575000000000 	0.67905730083167 
0.03600000000000 	0.92350521950974 
0.03625000000000 	0.71255370888459 
0.03650000000000 	0.65474518331084 
0.03675000000000 	-0.10996730147443 
0.03700000000000 	0.48358370930748 
0.03725000000000 	0.97114345254995 
0.03750000000000 	0.74881165253324 
0.03775000000000 	0.76691216374477 
0.03800000000000 	1.16390031231472 
0.03825000000000 	1.07594019168275 
0.03850000000000 	0.92354545726575 
0.03875000000000 	1.77581002716038 
0.03900000000000 	0.64339522732611 
0.03925000000000 	1.38837058204446 
0.03950000000000 	1.20388046001252 
0.03975000000000 	1.93098035377641 
0.04000000000000 	0.64665998408245 
0.04025000000000 	0.43125414836992 
0.04050000000000 	-0.25520736090589 
0.04075000000000 	-0.72685137820753 
0.04100000000000 	0.98106789537022 
0.04125000000000 	0.74273108226038 
0.04150000000000 	0.15578575782135 
0.04175000000000 	-0.42924126824133 
0.04200000000000 	-0.65884717860716 
0.04225000000000 	-0.24107791618404 
0.04250000000000 	0.27379309192641 
0.04275000000000 	-0.50573967419317 
0.04300000000000 	0.19805410395995 
0.04325000000000 	0.51482447353265 
0.04350000000000 	1.22986706066068 
0.04375000000000 	0.05539718397429 
0.04400000000000 	0.03339853530681 
0.04425000000000 	0.06506227680424 
0.04450000000000 	-0.26311925781879 
0.04475000000000 	-0.20754764403882 
0.04500000000000 	-0.29660774661920 
0.04525000000000 	0.10133345622896 
0.04550000000000 	-0.35313834997806 
0.04575000000000 	-0.94006405098878 
0.04600000000000 	-0.63227927397790 
0.04625000000000 	-0.67140786163553 
0.04650000000000 	0.23622236898182 
0.04675000000000 	-0.10017454596074 
0.04700000000000 	-0.36178867345382 
0.04725000000000 	-1.62372912471659 
0.04750000000000 	-1.58759549321090 
0.04775000000000 	-1.49403218638761 
0.04800000000000 	-0.46937146468467 
0.04825000000000 	0.51855594252553 
0.04850000000000 	0.60739045956903 
0.04875000000000 	0.81055389664856 
0.04900000000000 	0.81676774894108 
0.04925000000000 	0.27110968018900 
0.04950000000000 	-0.24738145612885 
0.04975000000000 	0.04435078032990 
0.05000000000000 	0.86374589239857 
0.05025000000000 	0.57409693993933 
0.05050000000000 	0.55516518012944 
0.05075000000000 	1.06758548399432 
0.05100000000000 	0.64556453217726 
0.05125000000000 	0.85140256191421 
0.05150000000000 	0.05227347810505 
0.05175000000000 	0.31492472201049 
0.05200000000000 	-0.69857795898397 
0.05225000000000 	-0.65333697275844 
0.05250000000000 	0.37651895746512 
0.05275000000000 	-0.62418013057875 
0.05300000000000 	-0.17438253324765 
0.05325000000000 	0.15316781151134 
0.05350000000000 	-0.34910064127498 
0.05375000000000 	0.15588573111521 
0.05400000000000 	0.22764100844385 
0.05425000000000 	0.36339925635797 
0.05450000000000 	0.26725752168888 
0.05475000000000 	-0.90972548806381 
0.05500000000000 	-0.67225640430591 
0.05525000000000 	0.84914237228758 
0.05550000000000 	0.16858864131460 
0.05575000000000 	-0.64966619502018 
0.05600000000000 	0.21214630950157 
0.05625000000000 	0.44052644405230 
0.05650000000000 	0.11077282790452 
0.05675000000000 	-0.83650121189837 
0.05700000000000 	0.18115581152625 
0.05725000000000 	0.17939635152783 
0.05750000000000 	-0.04559450167766 
0.05775000000000 	0.81869425542543 
0.05800000000000 	1.33828319630644 
0.05825000000000 	0.97344664677980 
0.05850000000000 	1.27985181325829 
0.05875000000000 	1.67089781709159 
0.05900000000000 	0.50865838523895 
0.05925000000000 	-0.57264654535149 
0.05950000000000 	0.97489656330735 
0.05975000000000 	0.65458651854138 
0.06000000000000 	1.06750268561742 
0.06025000000000 	0.37363256182171 
0.06050000000000 	0.38775860906421 
0.06075000000000 	0.59942011108480 
0.06100000000000 	1.22415175551801 
0.06125000000000 	0.48574751379226 
0.06150000000000 	1.05301320578436 
0.06175000000000 	0.72586202672072 
0.06200000000000 	1.19343490797246 
0.06225000000000 	1.70584811801694 
0.06250000000000 	0.73344481110386 
0.06275000000000 	1.95461482218507 
0.06300000000000 	2.18280239894189 
0.06325000000000 	0.81384766273626 
0.06350000000000 	2.05298893134684 
0.06375000000000 	1.74789908057239 
0.06400000000000 	1.81479425816457 
0.06425000000000 	1.36478273030864 
0.06450000000000 	1.52846071407013 
0.06475000000000 	1.40894483241818 
0.06500000000000 	1.64442705396484 
0.06525000000000 	1.16732136942794 
0.06550000000000 	1.11427564500127 
0.06575000000000 	1.47415546244618 
0.06600000000000 	0.87589159325826 
0.06625000000000 	1.47759748072350 
0.06650000000000 	0.33676010692102 
0.06675000000000 	0.57427836653977 
0.06700000000000 	0.97721732217157 
0.06725000000000 	0.93765325809414 
0.06750000000000 	0.33788315896417 
0.06775000000000 	1.74614209308153 
0.06800000000000 	1.27243799979374 
0.06825000000000 	-0.31087699116171 
0.06850000000000 	0.00865935993485 
0.06875000000000 	0.41658508423079 
0.06900000000000 	-0.75450058263517 
0.06925000000000 	0.06614504763892 
0.06950000000000 	-0.96175010501985 
0.06975000000000 	-0.14940689611576 
0.07000000000000 	0.52462233469317 
0.07025000000000 	0.52564100656869 
0.07050000000000 	1.11503572661533 
0.07075000000000 	0.12326708920591 
0.07100000000000 	0.46195182018784 
0.07125000000000 	-0.34102624140980 
0.07150000000000 	0.82654681862479 
0.07175000000000 	-0.03467143290203 
0.07200000000000 	-0.41797201066083 
0.07225000000000 	0.23134226664119 
0.07250000000000 	0.32927801120462 
0.07275000000000 	0.39781851894321 
0.07300000000000 	0.45604118621840 
0.07325000000000 	0.03227328203271 
0.07350000000000 	0.38386306981469 
0.07375000000000 	1.77631415896144 
0.07400000000000 	1.86418570470477 
0.07425000000000 	2.17260524130494 
0.07450000000000 	0.93453360555860 
0.07475000000000 	1.23043995833674 
0.07500000000000 	1.90233489805093 
0.07525000000000 	2.05907287143715 
0.07550000000000 	1.59477673485994 
0.07575000000000 	1.83316504301507 
0.07600000000000 	1.33548317133126 
0.07625000000000 	0.47694891966113 
0.07650000000000 	0.33063616669001 
0.07675000000000 	1.22918889332674 
0.07700000000000 	0.99615292968107 
0.07725000000000 	1.22889609689988 
0.07750000000000 	1.42387864375284 
0.07775000000000 	0.81536472460451 
0.07800000000000 	1.91580942060321 
0.07825000000000 	0.37449613378089 
0.07850000000000 	1.34417491568434 
0.07875000000000 	-0.22656414443184 
0.07900000000000 	0.93259041913619 
0.07925000000000 	-0.33111900417136 
0.07950000000000 	-0.56508709415170 
0.07975000000000 	-0.37337234485868 
0.08000000000000 	0.67038910997723 
0.08025000000000 	0.26180824884253 
0.08050000000000 	-0.84957064606458 
0.08075000000000 	-1.50651605942006 
0.08100000000000 	-0.30069072367854 
0.08125000000000 	0.03576304391286 
0.08150000000000 	0.01197178352480 
0.08175000000000 	-0.11651866043406 
0.08200000000000 	-0.00276831689888 
0.08225000000000 	0.49835771210775 
0.08250000000000 	-0.55128003134533 
0.08275000000000 	-0.35312774670682 
0.08300000000000 	-0.66352502356956 
0.08325000000000 	-1.02996719353969 
0.08350000000000 	-0.41483946330935 
0.08375000000000 	-0.90201096183549 
0.08400000000000 	-0.76834179872166 
0.08425000000000 	-0.88039258044199 
0.08450000000000 	-0.65597091777472 
0.08475000000000 	0.02861822719023 
0.08500000000000 	-0.51159215322250 
0.08525000000000 	-1.65010496844560 
0.08550000000000 	-1.64643158233051 
0.08575000000000 	-1.46912689564056 
0.08600000000000 	-1.28156737769774 
0.08625000000000 	-1.11747081014871 
0.08650000000000 	-1.12498986475736 
0.08675000000000 	-0.29383558901029 
0.08700000000000 	-0.55487880146453 
0.08725000000000 	-0.85046231566050 
0.08750000000000 	-0.65649553240158 
0.08775000000000 	-1.01699134312841 
0.08800000000000 	-0.39076665571422 
0.08825000000000 	-0.26433055101017 
0.08850000000000 	-0.44476403241267 
0.08875000000000 	0.38205354607586 
0.08900000000000 	-0.19244402225446 
0.08925000000000 	-0.53970857692965 
0.08950000000000 	-1.55025610223845 
0.08975000000000 	-0.85753458593756 
0.09000000000000 	-0.59806684136159 
0.09025000000000 	-0.70062631203672 
0.09050000000000 	-1.09054448978184 
0.09075000000000 	-1.17250422564815 
0.09100000000000 	-1.33893153990500 
0.09125000000000 	-0.90548322247758 
0.09150000000000 	-2.07303297822094 
0.09175000000000 	-1.83792132581617 
0.09200000000000 	-2.70576733596670 
0.09225000000000 	-2.02577010362655 
0.09250000000000 	-1.44382147194752 
0.09275000000000 	-1.19662144838155 
0.09300000000000 	-1.30216408239775 
0.09325000000000 	-1.23881612368389 
0.09350000000000 	-1.68318650769313 
0.09375000000000 	-1.64275181328447 
0.09400000000000 	-1.22129043379407 
0.09425000000000 	-1.66799178429839 
0.09450000000000 	-0.76712063491958 
0.09475000000000 	-0.80910673954043 
0.09500000000000 	-2.17208862654653 
0.09525000000000 	-2.02118932091161 
0.09550000000000 	-0.95304004548091 
0.09575000000000 	-1.48521805979621 
0.09600000000000 	-1.68890041200571 
0.09625000000000 	-1.94774901481305 
0.09650000000000 	-1.47630607060236 
0.09675000000000 	-1.65179253229809 
0.09700000000000 	-0.72203308699828 
0.09725000000000 	-1.05473056997985 
0.09750000000000 	0.03751334364569 
0.09775000000000 	0.38212874273569 
0.09800000000000 	-0.65120586785610 
0.09825000000000 	-1.43024643783349 
0.09850000000000 	-1.69124448889190 
0.09875000000000 	-0.95486070458300 
0.09900000000000 	-0.05023180843151 
0.09925000000000 	-0.35578964843823 
0.09950000000000 	-0.06013642710406 
0.09975000000000 	0.52334401068094 
0.10000000000000 	-0.28399895883072 
0.10025000000000 	-0.03113774710155 
0.10050000000000 	0.32483768801071 
0.10075000000000 	-1.17895933217257 
0.10100000000000 	-0.85566188733745 
0.10125000000000 	-1.15406833274516 
0.10150000000000 	-1.19101378323848 
0.10175000000000 	-0.37499898065440 
0.10200000000000 	-0.62176180863097 
0.10225000000000 	-0.98990480925165 
0.10250000000000 	-0.78885092395429 
0.10275000000000 	-1.77359230982879 
0.10300000000000 	-2.08611957115921 
0.10325000000000 	-1.46130471642154 
0.10350000000000 	-0.60244748096136 
0.10375000000000 	-0.71220392960085 
0.10400000000000 	0.28163024777373 
0.10425000000000 	0.29611284583335 
0.10450000000000 	-0.30575709945387 
0.10475000000000 	-0.10579059836694 
0.10500000000000 	0.76049537762202 
0.10525000000000 	0.91764075613972 
0.10550000000000 	1.13825692940484 
0.10575000000000 	-0.35720162332769 
0.10600000000000 	-0.45188770905625 
0.10625000000000 	-0.82548258447389 
0.10650000000000 	-0.88199888642317 
0.10675000000000 	-0.76593318551740 
0.10700000000000 	-0.87624526009308 
0.10725000000000 	-1.16798490532914 
0.10750000000000 	-1.55996876737242 
0.10775000000000 	-1.57265482774888 
0.10800000000000 	-1.55066638600001 
0.10825000000000 	-0.50185227944902 
0.10850000000000 	-1.10406750452371 
0.10875000000000 	-1.01015771722635 
0.10900000000000 	-0.31850755960736 
0.10925000000000 	-0.16367177208657 
0.10950000000000 	0.00545615455225 
0.10975000000000 	-0.00322315766454 
0.11000000000000 	-0.50719660912855 
0.11025000000000 	0.01311124876272 
0.11050000000000 	-0.20805094450612 
0.11075000000000 	-0.65965183398229 
0.11100000000000 	-0.04261378434668 
0.11125000000000 	-0.92053622650795 
0.11150000000000 	-1.56990813361271 
0.11175000000000 	-1.83293456363293 
0.11200000000000 	-2.50999105112890 
0.11225000000000 	-2.12944264986013 
0.11250000000000 	-1.46730817303659 
0.11275000000000 	-1.49938165599609 
0.11300000000000 	-1.80231968820203 
0.11325000000000 	-1.36283736923954 
0.11350000000000 	-1.62835586394475 
0.11375000000000 	-1.62908523135765 
0.11400000000000 	-0.20872983371313 
0.11425000000000 	-0.71905347405384 
0.11450000000000 	-0.54080620058163 
0.11475000000000 	-0.67709135856466 
0.11500000000000 	-0.99738320596908 
0.11525000000000 	-0.85201371501025 
0.11550000000000 	-1.07203779664224 
0.11575000000000 	-0.90541191563417 
0.11600000000000 	-1.12286727942296 
0.11625000000000 	-1.21391885776317 
0.11650000000000 	-0.94408416384271 
0.11675000000000 	-0.94174215090856 
0.11700000000000 	-0.37466658418834 
0.11725000000000 	-0.42701298254027 
0.11750000000000 	0.20118002733033 
0.11775000000000 	-0.26272032322476 
0.11800000000000 	-0.63062341444792 
0.11825000000000 	-0.17649007798867 
0.11850000000000 	-1.05018271078944 
0.11875000000000 	-0.20208094511967 
0.11900000000000 	-0.23218458163234 
0.11925000000000 	-0.67825179584240 
0.11950000000000 	-0.10290702375822 
0.11975000000000 	0.54407054008358 
0.12000000000000 	-0.58421040106907 
0.12025000000000 	-0.76886225878680 
0.12050000000000 	-0.39480339410608 
0.12075000000000 	-1.88809698413387 
0.12100000000000 	-1.51859810053935 
0.12125000000000 	-1.46081298246463 
0.12150000000000 	-1.48988998327159 
0.12175000000000 	-1.13942413229975 
0.12200000000000 	-0.29052988937934 
0.12225000000000 	-0.05899269159845 
0.12250000000000 	-0.66586442684144 
0.12275000000000 	-1.24877479280054 
0.12300000000000 	-0.52332651475578 
0.12325000000000 	-0.21150387512663 
0.12350000000000 	-0.98461174749398 
0.12375000000000 	-1.59678992894982 
0.12400000000000 	-2.39205709235791 
0.12425000000000 	-1.13392888535383 
0.12450000000000 	-1.09664923721765 
0.12475000000000 	-2.19019679238323 
0.12500000000000 	-1.04567955034430 
0.12525000000000 	-1.33040489025254 
0.12550000000000 	0.60707490974325 
0.12575000000000 	-0.47961325231862 
0.12600000000000 	-0.55971282579578 
0.12625000000000 	-0.64374997856425 
0.12650000000000 	-0.80033282075646 
0.12675000000000 	0.15485032445688 
0.12700000000000 	0.19123990621007 
0.12725000000000 	-0.00175592924035 
0.12750000000000 	0.18283915814458 
0.12775000000000 	-0.68691232481762 
0.12800000000000 	-0.60010133706914 
0.12825000000000 	-0.57176594301952 
0.12850000000000 	-0.59443577237111 
0.12875000000000 	-0.76617880874070 
0.12900000000000 	-0.76250828595951 
0.12925000000000 	-1.22351403783211 
0.12950000000000 	-0.53483405903993 
0.12975000000000 	-2.03080438190292 
0.13000000000000 	-1.30540397689375 
0.13025000000000 	-0.51234660440192 
0.13050000000000 	-0.12093376507025 
0.13075000000000 	-0.13475111277444 
0.13100000000000 	-0.31113760197952 
0.13125000000000 	-0.60925491429021 
0.13150000000000 	-1.26215565267826 
0.13175000000000 	-0.46891013608298 
0.13200000000000 	0.08991913535547 
0.13225000000000 	0.40665763009263 
0.13250000000000 	0.00367511667084 
0.13275000000000 	-0.39775254847962 
0.13300000000000 	0.37034930500960 
0.13325000000000 	0.05130898954136 
0.13350000000000 	0.13245717251196 
0.13375000000000 	0.41175993783134 
0.13400000000000 	0.54719130480507 
0.13425000000000 	0.15376061677602 
0.13450000000000 	0.54404852030325 
0.13475000000000 	0.21396393723600 
0.13500000000000 	1.18172267831433 
0.13525000000000 	0.41660013056320 
0.13550000000000 	0.06911195904440 
0.13575000000000 	-0.42845867884244 
0.13600000000000 	-0.45216802864943 
0.13625000000000 	-0.32466008800328 
0.13650000000000 	-0.48659530721285 
0.13675000000000 	-0.68341111794858 
0.13700000000000 	-0.57944878652142 
0.13725000000000 	-2.03149966577460 
0.13750000000000 	-1.05580604252183 
0.13775000000000 	-1.04731735874855 
0.13800000000000 	-0.77611629845830 
0.13825000000000 	-0.06770560719154 
0.13850000000000 	-0.61305070669660 
0.13875000000000 	-1.33021540573339 
0.13900000000000 	-1.51403121023240 
0.13925000000000 	-0.91046640295622 
0.13950000000000 	-0.74613900150349 
0.13975000000000 	-0.39167280257331 
0.14000000000000 	-1.39784972591986 
0.14025000000000 	-1.01423584864001 
0.14050000000000 	-0.44540596661726 
0.14075000000000 	-0.50312069306229 
0.14100000000000 	-0.47247312926950 
0.14125000000000 	0.00248419746094 
0.14150000000000 	-0.95542677589501 
0.14175000000000 	-0.34122286226981 
0.14200000000000 	-1.44225849905901 
0.14225000000000 	-0.91424094826110 
0.14250000000000 	-0.51516347395532 
0.14275000000000 	0.22484187141890 
0.14300000000000 	1.26261049308205 
0.14325000000000 	0.60960316773496 
0.14350000000000 	1.88699352538016 
0.14375000000000 	1.75844748968352 
0.14400000000000 	-0.45122492178645 
0.14425000000000 	-0.16258150769727 
0.14450000000000 	0.34544576242515 
0.14475000000000 	1.45961088906755 
0.14500000000000 	-0.19554660362315 
0.14525000000000 	-1.31167679101505 
0.14550000000000 	-2.05852391909926 
0.14575000000000 	-1.97215106708140 
0.14600000000000 	-0.91925235328122 
0.14625000000000 	-0.96306427493981 
0.14650000000000 	-1.58499741295589 
0.14675000000000 	-1.49100286919440 
0.14700000000000 	-0.50636856672510 
0.14725000000000 	-0.06270392495374 
0.14750000000000 	-0.27245747144401 
0.14775000000000 	-1.11583703636378 
0.14800000000000 	-0.53997725192842 
0.14825000000000 	0.40542215059728 
0.14850000000000 	0.50607260131980 
0.14875000000000 	0.50420382850278 
0.14900000000000 	0.40275651923333 
0.14925000000000 	0.15394710098301 
0.14950000000000 	0.20362011699302 
0.14975000000000 	1.77466218532223 
0.15000000000000 	1.27224336115670 
0.15025000000000 	-0.10198769340406 
0.15050000000000 	1.22307095518074 
0.15075000000000 	0.37893415380479 
0.15100000000000 	0.13290095176472 
0.15125000000000 	0.24771365809158 
0.15150000000000 	-0.94409800273305 
0.15175000000000 	-0.17435069695583 
0.15200000000000 	-0.67869140833214 
0.15225000000000 	0.04018325863920 
0.15250000000000 	-0.15037957165532 
0.15275000000000 	-1.20850200437731 
0.15300000000000 	-0.60215253270857 
0.15325000000000 	-0.92021959461265 
0.15350000000000 	-1.08028185594385 
0.15375000000000 	-0.36193362902493 
0.15400000000000 	-0.04625931484513 
0.15425000000000 	0.07013259114231 
0.15450000000000 	0.04414609551036 
0.15475000000000 	0.06271485480625 
0.15500000000000 	-0.80769019552493 
0.15525000000000 	-0.34830414883298 
0.15550000000000 	-0.38572693015415 
0.15575000000000 	-0.26585474128212 
0.15600000000000 	0.57911822897959 
0.15625000000000 	0.45416026149300 
0.15650000000000 	-0.43026488678491 
0.15675000000000 	-0.39716063972924 
0.15700000000000 	0.13675653434339 
0.15725000000000 	0.73611438534159 
0.15750000000000 	-0.29951944453397 
0.15775000000000 	0.30185018258181 
0.15800000000000 	-0.12336269611332 
0.15825000000000 	-1.03984458005778 
0.15850000000000 	-0.48390836814270 
0.15875000000000 	-0.99823657566011 
0.15900000000000 	-0.34213601185382 
0.15925000000000 	-1.01119220366633 
0.15950000000000 	-0.69455943486827 
0.15975000000000 	-0.90354485417149 
0.16000000000000 	-1.16951665146728 
0.16025000000000 	-0.46005312206538 
0.16050000000000 	-0.95556630028003 
0.16075000000000 	-0.61938527087686 
0.16100000000000 	0.18711367809848 
0.16125000000000 	0.15599944754191 
0.16150000000000 	0.83713507634320 
0.16175000000000 	-0.11030158857090 
0.16200000000000 	0.21027879583564 
0.16225000000000 	-0.38377197034019 
0.16250000000000 	-0.49284979942816 
0.16275000000000 	-1.70226076390670 
0.16300000000000 	-0.80758775892839 
0.16325000000000 	-0.12199344679885 
0.16350000000000 	-0.19034783688329 
0.16375000000000 	0.63278795590684 
0.16400000000000 	1.09853607131652 
0.16425000000000 	0.32860528492874 
0.16450000000000 	-0.05261309757738 
0.16475000000000 	-0.53936000008626 
0.16500000000000 	-0.65237170587781 
0.16525000000000 	-0.07918534680676 
0.16550000000000 	-0.83533991866995 
0.16575000000000 	-0.54621468980202 
0.16600000000000 	-0.64835532317801 
0.16625000000000 	-1.48698857912017 
0.16650000000000 	0.66662651060958 
0.16675000000000 	0.75497150408902 
0.16700000000000 	0.32523020583565 
0.16725000000000 	-1.00219497331137 
0.16750000000000 	-0.68796658834001 
0.16775000000000 	1.17130834541317 
0.16800000000000 	0.99137939138871 
0.16825000000000 	-0.02824156505540 
0.16850000000000 	0.08641736317134 
0.16875000000000 	0.03055561882041 
0.16900000000000 	-0.67390399449155 
0.16925000000000 	0.47247978665865 
0.16950000000000 	0.83734488474812 
0.16975000000000 	0.17717656328448 
0.17000000000000 	0.34856672547394 
0.17025000000000 	-0.48095065052293 
0.17050000000000 	-0.76789051492584 
0.17075000000000 	-0.80147065840200 
0.17100000000000 	-0.69313161699035 
0.17125000000000 	-1.11288979894109 
0.17150000000000 	-0.62712353629817 
0.17175000000000 	-1.15665725331906 
0.17200000000000 	-1.38120540119755 
0.17225000000000 	-1.76316142078322 
0.17250000000000 	-1.15180119408875 
0.17275000000000 	-1.75654796664423 
0.17300000000000 	-1.66833930188152 
0.17325000000000 	-0.93133270897081 
0.17350000000000 	-0.81188926987526 
0.17375000000000 	-0.51567048413078 
0.17400000000000 	-0.10466919160346 
0.17425000000000 	1.04986317345438 
0.17450000000000 	0.52864664018367 
0.17475000000000 	-0.26199158128130 
0.17500000000000 	-0.06648397752506 
0.17525000000000 	0.47254864344255 
0.17550000000000 	-0.85106847313130 
0.17575000000000 	-0.23606991564963 
0.17600000000000 	-0.06528524492493 
0.17625000000000 	-1.68696727240034 
0.17650000000000 	-1.28358904922147 
0.17675000000000 	-1.04937124613592 
0.17700000000000 	-1.07611692640214 
0.17725000000000 	-0.36027619202786 
0.17750000000000 	-1.48633051099514 
0.17775000000000 	-1.34566264849587 
0.17800000000000 	-0.94455663125721 
0.17825000000000 	0.75959268513362 
0.17850000000000 	1.02743700472098 
0.17875000000000 	0.59608540635565 
0.17900000000000 	0.35737983411505 
0.17925000000000 	-0.33678825377500 
0.17950000000000 	-0.68104641990152 
0.17975000000000 	0.15823672514448 
0.18000000000000 	0.42082837895412 
0.18025000000000 	1.44342326499789 
0.18050000000000 	0.69250305428263 
0.18075000000000 	1.25857076505033 
0.18100000000000 	0.65565228250489 
0.18125000000000 	0.09138402526169 
0.18150000000000 	0.35442384199126 
0.18175000000000 	1.83206484722503 
0.18200000000000 	1.52062841177738 
0.18225000000000 	-0.59001630015921 
0.18250000000000 	-0.91640818623431 
0.18275000000000 	0.56630931605934 
0.18300000000000 	1.01121966584075 
0.18325000000000 	1.48794650954784 
0.18350000000000 	0.31541475014027 
0.18375000000000 	1.47895669575332 
0.18400000000000 	1.80762247918062 
0.18425000000000 	1.53272013335167 
0.18450000000000 	1.09000370423701 
0.18475000000000 	0.54112235418872 
0.18500000000000 	0.16524157045112 
0.18525000000000 	-0.08646131375761 
0.18550000000000 	0.68407855327078 
0.18575000000000 	1.16104239295259 
0.18600000000000 	0.21333680777390 
0.18625000000000 	0.34734618282173 
0.18650000000000 	0.76169555820214 
0.18675000000000 	1.25737653865340 
0.18700000000000 	1.35923205211210 
0.18725000000000 	0.88899293408608 
0.18750000000000 	1.33962063687172 
0.18775000000000 	0.89718010876843 
0.18800000000000 	0.81646787158732 
0.18825000000000 	0.84650274349610 
0.18850000000000 	1.21902451171137 
0.18875000000000 	0.69283982669111 
0.18900000000000 	-0.53703622036088 
0.18925000000000 	-0.32167139243052 
0.18950000000000 	0.28659963958335 
0.18975000000000 	0.87620034987441 
0.19000000000000 	0.79218786107523 
0.19025000000000 	-0.07124989349285 
0.19050000000000 	1.13872156202363 
0.19075000000000 	0.56523445653112 
0.19100000000000 	1.62596592948544 
0.19125000000000 	1.74429096764616 
0.19150000000000 	2.18775363293468 
0.19175000000000 	1.38251865529654 
0.19200000000000 	1.76069927419789 
0.19225000000000 	0.83881724788645 
0.19250000000000 	1.65952212852164 
0.19275000000000 	0.85871333976664 
0.19300000000000 	1.04605108948532 
0.19325000000000 	0.84711662849889 
0.19350000000000 	-0.03431731905481 
0.19375000000000 	0.67441380210691 
0.19400000000000 	0.41823271315056 
0.19425000000000 	0.68814228033870 
0.19450000000000 	-0.48764013957908 
0.19475000000000 	0.63477975053791 
0.19500000000000 	0.58350019228266 
0.19525000000000 	1.35216773097375 
0.19550000000000 	1.37270581924198 
0.19575000000000 	1.19814283780517 
0.19600000000000 	1.82566765972789 
0.19625000000000 	2.04986812025795 
0.19650000000000 	2.26472602384822 
0.19675000000000 	2.17496660623240 
0.19700000000000 	1.43638254328440 
0.19725000000000 	2.12653594246406 
0.19750000000000 	0.98999396173864 
0.19775000000000 	0.33046444115102 
0.19800000000000 	-0.03062176341768 
0.19825000000000 	0.49342788688993 
0.19850000000000 	1.43778502507318 
0.19875000000000 	1.23917490552935 
0.19900000000000 	1.59003751440648 
0.19925000000000 	0.46540977264265 
0.19950000000000 	1.08710717653825 
0.19975000000000 	1.77267657045561 
0.20000000000000 	1.48399354335834 
0.20025000000000 	1.03253516088397 
0.20050000000000 	0.87779002623443 
0.20075000000000 	1.85354851888895 
0.20100000000000 	1.60516491839190 
0.20125000000000 	1.69597475668203 
0.20150000000000 	1.19012118508078 
0.20175000000000 	0.56884914097988 
0.20200000000000 	0.71205398651202 
0.20225000000000 	0.72132279098792 
0.20250000000000 	0.98338445798639 
0.20275000000000 	0.12170768556700 
0.20300000000000 	1.48458617488759 
0.20325000000000 	1.96520799796109 
0.20350000000000 	0.74399778411694 
0.20375000000000 	1.91783089420074 
0.20400000000000 	1.96527278012041 
0.20425000000000 	1.99394991355257 
0.20450000000000 	1.26862927593333 
0.20475000000000 	1.46641989974248 
0.20500000000000 	1.84871610172427 
0.20525000000000 	1.31800092986816 
0.20550000000000 	0.51025183561028 
0.20575000000000 	1.63870674632854 
0.20600000000000 	1.28516075105162 
0.20625000000000 	1.47461509772423 
0.20650000000000 	1.98930768718756 
0.20675000000000 	0.76406727541180 
0.20700000000000 	1.77150476497881 
0.20725000000000 	2.70030426057141 
0.20750000000000 	2.11318611247286 
0.20775000000000 	1.54288784834171 
0.20800000000000 	0.70454750476515 
0.20825000000000 	0.65437032441469 
0.20850000000000 	1.43144758978314 
0.20875000000000 	0.08031208454957 
0.20900000000000 	0.76813381559975 
0.20925000000000 	-0.28184852516810 
0.20950000000000 	-0.22339588561326 
0.20975000000000 	0.20061758697018 
0.21000000000000 	-0.34416141117262 
0.21025000000000 	-0.05224371050633 
0.21050000000000 	-0.16598849596178 
0.21075000000000 	-0.01442242420011 
0.21100000000000 	0.45166651320962 
0.21125000000000 	0.11549329871741 
0.21150000000000 	0.75596704529208 
0.21175000000000 	0.22142018330259 
0.21200000000000 	0.19244153022144 
0.21225000000000 	-0.28202732269194 
0.21250000000000 	0.66132587067076 
0.21275000000000 	1.37499329384488 
0.21300000000000 	1.64733001492514 
0.21325000000000 	0.97051791186384 
0.21350000000000 	1.77288104640220 
0.21375000000000 	1.50408198057591 
0.21400000000000 	0.49545397751884 
0.21425000000000 	0.17295694082474 
0.21450000000000 	0.54652765815647 
0.21475000000000 	0.42385790883384 
0.21500000000000 	0.00101370803900 
0.21525000000000 	-0.22306336283158 
0.21550000000000 	-0.57349374476394 
0.21575000000000 	-0.35259224621966 
0.21600000000000 	0.80054050325009 
0.21625000000000 	0.50719655028987 
0.21650000000000 	-0.13599631942542 
0.21675000000000 	0.96053509199730 
0.21700000000000 	1.09718056077643 
0.21725000000000 	0.36916504909196 
0.21750000000000 	0.02152224625211 
0.21775000000000 	-0.52836184974004 
0.21800000000000 	0.73110170812247 
0.21825000000000 	0.90942907498628 
0.21850000000000 	-0.02068184403857 
0.21875000000000 	0.26945265298650 
0.21900000000000 	0.59854659422126 
0.21925000000000 	1.14099160182402 
0.21950000000000 	0.65265808943714 
0.21975000000000 	0.78516531864171 
0.22000000000000 	0.47874286623523 
0.22025000000000 	1.28183892077100 
0.22050000000000 	0.71590764937893 
0.22075000000000 	0.82599637120445 
0.22100000000000 	0.97376597736311 
0.22125000000000 	0.53128032862884 
0.22150000000000 	1.03928551745224 
0.22175000000000 	1.21623764134294 
0.22200000000000 	1.60419680474698 
0.22225000000000 	-0.33576459724269 
0.22250000000000 	-0.35354404895839 
0.22275000000000 	-0.42257489656806 
0.22300000000000 	-0.32490249758592 
0.22325000000000 	-0.45723784909059 
0.22350000000000 	-1.72894627114990 
0.22375000000000 	-0.09808816342225 
0.22400000000000 	0.32982013022876 
0.22425000000000 	-1.13813316878275 
0.22450000000000 	-0.52626670546688 
0.22475000000000 	0.24646612607003 
0.22500000000000 	-0.11395286750469 
0.22525000000000 	-0.08722412098341 
0.22550000000000 	-0.63379374331340 
0.22575000000000 	-0.73471587933726 
0.22600000000000 	-0.68451764125682 
0.22625000000000 	-0.04541573969853 
0.22650000000000 	0.41442997785471 
0.22675000000000 	0.05359467148616 
0.22700000000000 	-0.89413457441449 
0.22725000000000 	-0.40334348274032 
0.22750000000000 	-0.11035952037401 
0.22775000000000 	-0.87572913027693 
0.22800000000000 	-0.99151005794173 
0.22825000000000 	-1.11127625968569 
0.22850000000000 	-0.09383095620621 
0.22875000000000 	0.03150825034229 
0.22900000000000 	0.48875310516247 
0.22925000000000 	0.81390252764750 
0.22950000000000 	0.41601229405419 
0.22975000000000 	-0.08124784138057 
0.23000000000000 	-0.95890770430863 
0.23025000000000 	-0.01826601031466 
0.23050000000000 	-0.74166741190309 
0.23075000000000 	-2.07254923649758 
0.23100000000000 	-0.97513387447018 
0.23125000000000 	-0.25640462374090 
0.23150000000000 	-0.83493113800625 
0.23175000000000 	-0.79512533328129 
0.23200000000000 	-1.75688944191695 
0.23225000000000 	-1.85033460139410 
0.23250000000000 	-1.77782081391860 
0.23275000000000 	-1.28698872945365 
0.23300000000000 	-0.88686364454913 
0.23325000000000 	-0.89121035662884 
0.23350000000000 	-1.65237485018433 
0.23375000000000 	-1.48475724306409 
0.23400000000000 	-2.06128458771043 
0.23425000000000 	-0.38913906075047 
0.23450000000000 	-0.90041797284156 
0.23475000000000 	-0.14954989276690 
0.23500000000000 	-0.08617254308965 
0.23525000000000 	-1.30615085064380 
0.23550000000000 	-0.70402716007045 
0.23575000000000 	-2.28372306106284 
0.23600000000000 	-1.54774315197966 
0.23625000000000 	-0.75189259266216 
0.23650000000000 	0.13683277010906 
0.23675000000000 	-0.85075296748245 
0.23700000000000 	-0.86508630905174 
0.23725000000000 	-0.42880741243913 
0.23750000000000 	0.72513544151361 
0.23775000000000 	0.64592408782661 
0.23800000000000 	0.12581646080793 
0.23825000000000 	0.20017834095700 
0.23850000000000 	-0.29311359350186 
0.23875000000000 	-0.18210072762876 
0.23900000000000 	0.12071915112380 
0.23925000000000 	-0.99218978471287 
0.23950000000000 	-1.06050346832320 
0.23975000000000 	-0.91204363564345 
0.24000000000000 	-0.37946690980188 
0.24025000000000 	-0.82434847130031 
0.24050000000000 	-0.30452734629711 
0.24075000000000 	-0.01530864086850 
0.24100000000000 	-0.45305715025632 
0.24125000000000 	-0.96518939035499 
0.24150000000000 	-0.88299659706770 
0.24175000000000 	-0.78809858277123 
0.24200000000000 	-1.06759172855972 
0.24225000000000 	-1.31418161939782 
0.24250000000000 	-1.30548959898628 
0.24275000000000 	-2.08837782679251 
0.24300000000000 	-1.77115061794019 
0.24325000000000 	-1.32541964859942 
0.24350000000000 	-2.09015983973019 
0.24375000000000 	-1.84713588151818 
0.24400000000000 	-1.18787284626751 
0.24425000000000 	-0.30368348220538 
0.24450000000000 	-0.88088545446300 
0.24475000000000 	-1.31757654032535 
0.24500000000000 	-0.79761201902804 
0.24525000000000 	-0.77297805252934 
0.24550000000000 	-0.56547509634274 
0.24575000000000 	-1.28945317785145 
0.24600000000000 	-0.21710805877398 
0.24625000000000 	0.55246093894244 
0.24650000000000 	-0.16974709778698 
0.24675000000000 	-0.73016235686087 
0.24700000000000 	0.45771427227625 
0.24725000000000 	-1.09652157730229 
0.24750000000000 	-1.24137471270248 
0.24775000000000 	-0.72309989962912 
0.24800000000000 	-0.93848011298399 
0.24825000000000 	-0.22660689344241 
0.24850000000000 	-0.96988957317611 
0.24875000000000 	-0.44462394226544 
0.24900000000000 	-0.65630376693035 
0.24925000000000 	-0.27544926380182 
0.24950000000000 	-0.44294756450745 
0.24975000000000 	0.78215374280233 
0.25000000000000 	-0.51808742172965 